<?xml version="1.0" encoding="UTF-8"?>
<testng-results ignored="0" total="1" passed="1" failed="0" skipped="0">
  <reporter-output>
  </reporter-output>
  <suite started-at="2025-03-31T21:12:45 IST" name="Default suite" finished-at="2025-03-31T21:13:07 IST" duration-ms="22125">
    <groups>
      <group name="cucumber">
        <method signature="AbstractTestNGCucumberTests.runScenario(io.cucumber.testng.PickleWrapper,io.cucumber.testng.FeatureWrapper)[pri:0, instance:runningfileorangehrm.runningoranghrm@b3ca52e]" name="runScenario" class="io.cucumber.testng.AbstractTestNGCucumberTests"/>
      </group> <!-- cucumber -->
    </groups>
    <test started-at="2025-03-31T21:12:45 IST" name="Default test" finished-at="2025-03-31T21:13:07 IST" duration-ms="22125">
      <class name="runningfileorangehrm.runningoranghrm">
        <test-method is-config="true" signature="setUpClass(org.testng.ITestContext)[pri:0, instance:runningfileorangehrm.runningoranghrm@b3ca52e]" started-at="2025-03-31T21:12:45 IST" name="setUpClass" finished-at="2025-03-31T21:12:45 IST" duration-ms="393" status="PASS">
          <params>
            <param index="0">
              <value>
                <![CDATA[org.testng.TestRunner@5ee34b1b]]>
              </value>
            </param>
          </params>
          <reporter-output>
          </reporter-output>
        </test-method> <!-- setUpClass -->
        <test-method signature="runScenario(io.cucumber.testng.PickleWrapper,io.cucumber.testng.FeatureWrapper)[pri:0, instance:runningfileorangehrm.runningoranghrm@b3ca52e]" started-at="2025-03-31T21:12:45 IST" name="runScenario" description="Runs Cucumber Scenarios" data-provider="scenarios" finished-at="2025-03-31T21:13:07 IST" duration-ms="21651" status="PASS">
          <params>
            <param index="0">
              <value>
                <![CDATA["check login successfull and go to admin page"]]>
              </value>
            </param>
            <param index="1">
              <value>
                <![CDATA["login page automation of oranghrm app"]]>
              </value>
            </param>
          </params>
          <reporter-output>
          </reporter-output>
        </test-method> <!-- runScenario -->
        <test-method is-config="true" signature="tearDownClass()[pri:0, instance:runningfileorangehrm.runningoranghrm@b3ca52e]" started-at="2025-03-31T21:13:07 IST" name="tearDownClass" finished-at="2025-03-31T21:13:07 IST" duration-ms="6" status="PASS">
          <reporter-output>
          </reporter-output>
        </test-method> <!-- tearDownClass -->
      </class> <!-- runningfileorangehrm.runningoranghrm -->
    </test> <!-- Default test -->
  </suite> <!-- Default suite -->
</testng-results>
